definitions: profiles_csv
None profiles
sourced from: https://rest.pubmlst.org/db/pubmlst_spneumoniae_seqdef/schemes/1/profiles_csv

locus aroE
alleles_fasta
Sourced from https://rest.pubmlst.org/db/pubmlst_spneumoniae_seqdef/loci/aroE/alleles_fasta

locus gdh
alleles_fasta
Sourced from https://rest.pubmlst.org/db/pubmlst_spneumoniae_seqdef/loci/gdh/alleles_fasta

locus gki
alleles_fasta
Sourced from https://rest.pubmlst.org/db/pubmlst_spneumoniae_seqdef/loci/gki/alleles_fasta

locus recP
alleles_fasta
Sourced from https://rest.pubmlst.org/db/pubmlst_spneumoniae_seqdef/loci/recP/alleles_fasta

locus spi
alleles_fasta
Sourced from https://rest.pubmlst.org/db/pubmlst_spneumoniae_seqdef/loci/spi/alleles_fasta

locus xpt
alleles_fasta
Sourced from https://rest.pubmlst.org/db/pubmlst_spneumoniae_seqdef/loci/xpt/alleles_fasta

locus ddl
alleles_fasta
Sourced from https://rest.pubmlst.org/db/pubmlst_spneumoniae_seqdef/loci/ddl/alleles_fasta

all loci: Streptococcus_pneumoniae.fasta
