definitions: spneumoniae.txt
11349 profiles
sourced from: http://pubmlst.org/data/profiles/spneumoniae.txt

locus aroE
aroE.tfa
Sourced from http://pubmlst.org/data/alleles/spneumoniae/aroE.tfa

locus gdh
gdh.tfa
Sourced from http://pubmlst.org/data/alleles/spneumoniae/gdh.tfa

locus gki
gki.tfa
Sourced from http://pubmlst.org/data/alleles/spneumoniae/gki.tfa

locus recP
recP.tfa
Sourced from http://pubmlst.org/data/alleles/spneumoniae/recP.tfa

locus spi
spi.tfa
Sourced from http://pubmlst.org/data/alleles/spneumoniae/spi.tfa

locus xpt
xpt.tfa
Sourced from http://pubmlst.org/data/alleles/spneumoniae/xpt.tfa

locus ddl
ddl.tfa
Sourced from http://pubmlst.org/data/alleles/spneumoniae/ddl.tfa

all loci: Streptococcus_pneumoniae.fasta
